<?xml version="1.0" encoding="UTF-8"?>
<testng-results skipped="0" failed="0" ignored="0" total="1" passed="1">
  <reporter-output>
  </reporter-output>
  <suite name="Default suite" duration-ms="273" started-at="2020-10-28T21:24:08 IST" finished-at="2020-10-28T21:24:08 IST">
    <groups>
    </groups>
    <test name="Default test" duration-ms="273" started-at="2020-10-28T21:24:08 IST" finished-at="2020-10-28T21:24:08 IST">
      <class name="com.uhg.vijay.DashboardAndReportingDemo.extentReportDemo.ReportTest">
        <test-method status="PASS" signature="myFirstTest()[pri:0, instance:com.uhg.vijay.DashboardAndReportingDemo.extentReportDemo.ReportTest@11438d26]" name="myFirstTest" duration-ms="233" started-at="2020-10-28T21:24:08 IST" finished-at="2020-10-28T21:24:08 IST">
          <reporter-output>
          </reporter-output>
        </test-method> <!-- myFirstTest -->
      </class> <!-- com.uhg.vijay.DashboardAndReportingDemo.extentReportDemo.ReportTest -->
    </test> <!-- Default test -->
  </suite> <!-- Default suite -->
</testng-results>
